[2026-02-04T10:17:36.700+0000] {local_task_job_runner.py:120} INFO - ::group::Pre task execution logs
[2026-02-04T10:17:36.727+0000] {taskinstance.py:2073} INFO - Dependencies all met for dep_context=non-requeueable deps ti=<TaskInstance: stock_market_batch_pipeline.fetch_company_metadata scheduled__2026-02-03T00:00:00+00:00 [queued]>
[2026-02-04T10:17:36.734+0000] {taskinstance.py:2073} INFO - Dependencies all met for dep_context=requeueable deps ti=<TaskInstance: stock_market_batch_pipeline.fetch_company_metadata scheduled__2026-02-03T00:00:00+00:00 [queued]>
[2026-02-04T10:17:36.735+0000] {taskinstance.py:2303} INFO - Starting attempt 1 of 2
[2026-02-04T10:17:36.744+0000] {taskinstance.py:2327} INFO - Executing <Task(BashOperator): fetch_company_metadata> on 2026-02-03 00:00:00+00:00
[2026-02-04T10:17:36.751+0000] {logging_mixin.py:188} WARNING - /home/***/.local/lib/python3.12/site-packages/***/task/task_runner/standard_task_runner.py:61 DeprecationWarning: This process (pid=182) is multi-threaded, use of fork() may lead to deadlocks in the child.
[2026-02-04T10:17:36.753+0000] {standard_task_runner.py:63} INFO - Started process 183 to run task
[2026-02-04T10:17:36.751+0000] {standard_task_runner.py:90} INFO - Running: ['***', 'tasks', 'run', 'stock_market_batch_pipeline', 'fetch_company_metadata', 'scheduled__2026-02-03T00:00:00+00:00', '--job-id', '2', '--raw', '--subdir', 'DAGS_FOLDER/stock_etl.py', '--cfg-path', '/tmp/tmp1ehin2xq']
[2026-02-04T10:17:36.753+0000] {standard_task_runner.py:91} INFO - Job 2: Subtask fetch_company_metadata
[2026-02-04T10:17:36.766+0000] {logging_mixin.py:188} WARNING - /home/***/.local/lib/python3.12/site-packages/***/settings.py:195 DeprecationWarning: The sql_alchemy_conn option in [core] has been moved to the sql_alchemy_conn option in [database] - the old setting has been used, but please update your config.
[2026-02-04T10:17:36.797+0000] {task_command.py:426} INFO - Running <TaskInstance: stock_market_batch_pipeline.fetch_company_metadata scheduled__2026-02-03T00:00:00+00:00 [running]> on host 146d39896f07
[2026-02-04T10:17:36.863+0000] {taskinstance.py:2644} INFO - Exporting env vars: AIRFLOW_CTX_DAG_OWNER='data_engineer' AIRFLOW_CTX_DAG_ID='stock_market_batch_pipeline' AIRFLOW_CTX_TASK_ID='fetch_company_metadata' AIRFLOW_CTX_EXECUTION_DATE='2026-02-03T00:00:00+00:00' AIRFLOW_CTX_TRY_NUMBER='1' AIRFLOW_CTX_DAG_RUN_ID='scheduled__2026-02-03T00:00:00+00:00'
[2026-02-04T10:17:36.864+0000] {taskinstance.py:430} INFO - ::endgroup::
[2026-02-04T10:17:36.897+0000] {subprocess.py:63} INFO - Tmp dir root location: /tmp
[2026-02-04T10:17:36.898+0000] {subprocess.py:75} INFO - Running command: ['/usr/bin/bash', '-c', 'python /opt/***/scripts/fetch_company_meta.py']
[2026-02-04T10:17:36.905+0000] {subprocess.py:86} INFO - Output:
[2026-02-04T10:17:49.773+0000] {subprocess.py:93} INFO - Fetching company metadata...
[2026-02-04T10:17:49.774+0000] {subprocess.py:93} INFO - Fetched info for AAPL
[2026-02-04T10:17:49.775+0000] {subprocess.py:93} INFO - Fetched info for MSFT
[2026-02-04T10:17:49.775+0000] {subprocess.py:93} INFO - Fetched info for GOOGL
[2026-02-04T10:17:49.776+0000] {subprocess.py:93} INFO - Fetched info for AMZN
[2026-02-04T10:17:49.776+0000] {subprocess.py:93} INFO - Fetched info for TSLA
[2026-02-04T10:17:49.776+0000] {subprocess.py:93} INFO - Writing to: /opt/***/data/company_meta_batch.json
[2026-02-04T10:17:49.777+0000] {subprocess.py:93} INFO - Uploading /opt/***/data/company_meta_batch.json to Snowflake...
[2026-02-04T10:17:49.778+0000] {subprocess.py:93} INFO - Batch Upload success.
[2026-02-04T10:17:50.552+0000] {subprocess.py:97} INFO - Command exited with return code 0
[2026-02-04T10:17:50.553+0000] {taskinstance.py:441} INFO - ::group::Post task execution logs
[2026-02-04T10:17:50.574+0000] {taskinstance.py:1205} INFO - Marking task as SUCCESS. dag_id=stock_market_batch_pipeline, task_id=fetch_company_metadata, execution_date=20260203T000000, start_date=20260204T101736, end_date=20260204T101750
[2026-02-04T10:17:50.608+0000] {local_task_job_runner.py:240} INFO - Task exited with return code 0
[2026-02-04T10:17:50.624+0000] {taskinstance.py:3482} INFO - 0 downstream tasks scheduled from follow-on schedule check
[2026-02-04T10:17:50.625+0000] {local_task_job_runner.py:222} INFO - ::endgroup::
