[2026-02-02T15:14:42.838+0000] {local_task_job_runner.py:120} INFO - ::group::Pre task execution logs
[2026-02-02T15:14:42.868+0000] {taskinstance.py:2073} INFO - Dependencies all met for dep_context=non-requeueable deps ti=<TaskInstance: stock_market_batch_pipeline.dbt_run manual__2026-02-02T15:02:18.931562+00:00 [queued]>
[2026-02-02T15:14:42.875+0000] {taskinstance.py:2073} INFO - Dependencies all met for dep_context=requeueable deps ti=<TaskInstance: stock_market_batch_pipeline.dbt_run manual__2026-02-02T15:02:18.931562+00:00 [queued]>
[2026-02-02T15:14:42.876+0000] {taskinstance.py:2303} INFO - Starting attempt 2 of 3
[2026-02-02T15:14:42.887+0000] {taskinstance.py:2327} INFO - Executing <Task(BashOperator): dbt_run> on 2026-02-02 15:02:18.931562+00:00
[2026-02-02T15:14:42.892+0000] {logging_mixin.py:188} WARNING - /home/***/.local/lib/python3.12/site-packages/***/task/task_runner/standard_task_runner.py:61 DeprecationWarning: This process (pid=822) is multi-threaded, use of fork() may lead to deadlocks in the child.
[2026-02-02T15:14:42.894+0000] {standard_task_runner.py:63} INFO - Started process 823 to run task
[2026-02-02T15:14:42.892+0000] {standard_task_runner.py:90} INFO - Running: ['***', 'tasks', 'run', 'stock_market_batch_pipeline', 'dbt_run', 'manual__2026-02-02T15:02:18.931562+00:00', '--job-id', '12', '--raw', '--subdir', 'DAGS_FOLDER/stock_etl.py', '--cfg-path', '/tmp/tmp90a67c4i']
[2026-02-02T15:14:42.895+0000] {standard_task_runner.py:91} INFO - Job 12: Subtask dbt_run
[2026-02-02T15:14:42.908+0000] {logging_mixin.py:188} WARNING - /home/***/.local/lib/python3.12/site-packages/***/settings.py:195 DeprecationWarning: The sql_alchemy_conn option in [core] has been moved to the sql_alchemy_conn option in [database] - the old setting has been used, but please update your config.
[2026-02-02T15:14:42.938+0000] {task_command.py:426} INFO - Running <TaskInstance: stock_market_batch_pipeline.dbt_run manual__2026-02-02T15:02:18.931562+00:00 [running]> on host ff0fefa6cf5a
[2026-02-02T15:14:43.006+0000] {taskinstance.py:2644} INFO - Exporting env vars: AIRFLOW_CTX_DAG_OWNER='data_engineer' AIRFLOW_CTX_DAG_ID='stock_market_batch_pipeline' AIRFLOW_CTX_TASK_ID='dbt_run' AIRFLOW_CTX_EXECUTION_DATE='2026-02-02T15:02:18.931562+00:00' AIRFLOW_CTX_TRY_NUMBER='2' AIRFLOW_CTX_DAG_RUN_ID='manual__2026-02-02T15:02:18.931562+00:00'
[2026-02-02T15:14:43.007+0000] {taskinstance.py:430} INFO - ::endgroup::
[2026-02-02T15:14:43.020+0000] {subprocess.py:63} INFO - Tmp dir root location: /tmp
[2026-02-02T15:14:43.021+0000] {subprocess.py:75} INFO - Running command: ['/usr/bin/bash', '-c', 'cd /opt/***/dbt_project && dbt run']
[2026-02-02T15:14:43.030+0000] {subprocess.py:86} INFO - Output:
[2026-02-02T15:14:44.918+0000] {subprocess.py:93} INFO - [0m15:14:44  Running with dbt=1.11.2
[2026-02-02T15:14:45.730+0000] {subprocess.py:93} INFO - [0m15:14:45  Registered adapter: snowflake=1.11.1
[2026-02-02T15:14:46.526+0000] {subprocess.py:93} INFO - [0m15:14:46  Found 4 models, 6 data tests, 2 sources, 639 macros
[2026-02-02T15:14:46.528+0000] {subprocess.py:93} INFO - [0m15:14:46
[2026-02-02T15:14:46.529+0000] {subprocess.py:93} INFO - [0m15:14:46  Concurrency: 1 threads (target='dev')
[2026-02-02T15:14:46.530+0000] {subprocess.py:93} INFO - [0m15:14:46
[2026-02-02T15:14:55.000+0000] {subprocess.py:93} INFO - [0m15:14:54  1 of 4 START sql table model STAGING.stg_company_info .......................... [RUN]
[2026-02-02T15:14:58.112+0000] {subprocess.py:93} INFO - [0m15:14:58  1 of 4 OK created sql table model STAGING.stg_company_info ..................... [[32mSUCCESS 1[0m in 3.11s]
[2026-02-02T15:14:58.117+0000] {subprocess.py:93} INFO - [0m15:14:58  2 of 4 START sql table model STAGING.stg_stock_prices .......................... [RUN]
[2026-02-02T15:15:01.080+0000] {subprocess.py:93} INFO - [0m15:15:01  2 of 4 OK created sql table model STAGING.stg_stock_prices ..................... [[32mSUCCESS 1[0m in 2.96s]
[2026-02-02T15:15:01.083+0000] {subprocess.py:93} INFO - [0m15:15:01  3 of 4 START sql table model ANALYTICS.dim_company ............................. [RUN]
[2026-02-02T15:15:04.709+0000] {subprocess.py:93} INFO - [0m15:15:04  3 of 4 OK created sql table model ANALYTICS.dim_company ........................ [[32mSUCCESS 1[0m in 3.62s]
[2026-02-02T15:15:04.714+0000] {subprocess.py:93} INFO - [0m15:15:04  4 of 4 START sql table model ANALYTICS.fact_stock_prices ....................... [RUN]
[2026-02-02T15:15:07.938+0000] {subprocess.py:93} INFO - [0m15:15:07  4 of 4 OK created sql table model ANALYTICS.fact_stock_prices .................. [[32mSUCCESS 1[0m in 3.22s]
[2026-02-02T15:15:07.943+0000] {subprocess.py:93} INFO - [0m15:15:07
[2026-02-02T15:15:07.944+0000] {subprocess.py:93} INFO - [0m15:15:07  Finished running 4 table models in 0 hours 0 minutes and 21.41 seconds (21.41s).
[2026-02-02T15:15:07.999+0000] {subprocess.py:93} INFO - [0m15:15:07
[2026-02-02T15:15:07.999+0000] {subprocess.py:93} INFO - [0m15:15:07  [32mCompleted successfully[0m
[2026-02-02T15:15:08.000+0000] {subprocess.py:93} INFO - [0m15:15:08
[2026-02-02T15:15:08.001+0000] {subprocess.py:93} INFO - [0m15:15:08  Done. PASS=4 WARN=0 ERROR=0 SKIP=0 NO-OP=0 TOTAL=4
[2026-02-02T15:15:08.335+0000] {subprocess.py:97} INFO - Command exited with return code 0
[2026-02-02T15:15:08.336+0000] {taskinstance.py:441} INFO - ::group::Post task execution logs
[2026-02-02T15:15:08.356+0000] {taskinstance.py:1205} INFO - Marking task as SUCCESS. dag_id=stock_market_batch_pipeline, task_id=dbt_run, execution_date=20260202T150218, start_date=20260202T151442, end_date=20260202T151508
[2026-02-02T15:15:08.402+0000] {local_task_job_runner.py:240} INFO - Task exited with return code 0
[2026-02-02T15:15:08.418+0000] {taskinstance.py:3482} INFO - 1 downstream tasks scheduled from follow-on schedule check
[2026-02-02T15:15:08.420+0000] {local_task_job_runner.py:222} INFO - ::endgroup::
