[2026-02-02T15:02:34.886+0000] {local_task_job_runner.py:120} INFO - ::group::Pre task execution logs
[2026-02-02T15:02:34.918+0000] {taskinstance.py:2073} INFO - Dependencies all met for dep_context=non-requeueable deps ti=<TaskInstance: stock_market_batch_pipeline.dbt_run manual__2026-02-02T15:02:18.931562+00:00 [queued]>
[2026-02-02T15:02:34.927+0000] {taskinstance.py:2073} INFO - Dependencies all met for dep_context=requeueable deps ti=<TaskInstance: stock_market_batch_pipeline.dbt_run manual__2026-02-02T15:02:18.931562+00:00 [queued]>
[2026-02-02T15:02:34.928+0000] {taskinstance.py:2303} INFO - Starting attempt 1 of 2
[2026-02-02T15:02:34.939+0000] {taskinstance.py:2327} INFO - Executing <Task(BashOperator): dbt_run> on 2026-02-02 15:02:18.931562+00:00
[2026-02-02T15:02:34.948+0000] {logging_mixin.py:188} WARNING - /home/***/.local/lib/python3.12/site-packages/***/task/task_runner/standard_task_runner.py:61 DeprecationWarning: This process (pid=494) is multi-threaded, use of fork() may lead to deadlocks in the child.
[2026-02-02T15:02:34.948+0000] {standard_task_runner.py:90} INFO - Running: ['***', 'tasks', 'run', 'stock_market_batch_pipeline', 'dbt_run', 'manual__2026-02-02T15:02:18.931562+00:00', '--job-id', '7', '--raw', '--subdir', 'DAGS_FOLDER/stock_etl.py', '--cfg-path', '/tmp/tmpncgk3md9']
[2026-02-02T15:02:34.949+0000] {standard_task_runner.py:63} INFO - Started process 495 to run task
[2026-02-02T15:02:34.950+0000] {standard_task_runner.py:91} INFO - Job 7: Subtask dbt_run
[2026-02-02T15:02:34.965+0000] {logging_mixin.py:188} WARNING - /home/***/.local/lib/python3.12/site-packages/***/settings.py:195 DeprecationWarning: The sql_alchemy_conn option in [core] has been moved to the sql_alchemy_conn option in [database] - the old setting has been used, but please update your config.
[2026-02-02T15:02:35.003+0000] {task_command.py:426} INFO - Running <TaskInstance: stock_market_batch_pipeline.dbt_run manual__2026-02-02T15:02:18.931562+00:00 [running]> on host ff0fefa6cf5a
[2026-02-02T15:02:35.083+0000] {taskinstance.py:2644} INFO - Exporting env vars: AIRFLOW_CTX_DAG_OWNER='data_engineer' AIRFLOW_CTX_DAG_ID='stock_market_batch_pipeline' AIRFLOW_CTX_TASK_ID='dbt_run' AIRFLOW_CTX_EXECUTION_DATE='2026-02-02T15:02:18.931562+00:00' AIRFLOW_CTX_TRY_NUMBER='1' AIRFLOW_CTX_DAG_RUN_ID='manual__2026-02-02T15:02:18.931562+00:00'
[2026-02-02T15:02:35.084+0000] {taskinstance.py:430} INFO - ::endgroup::
[2026-02-02T15:02:35.099+0000] {subprocess.py:63} INFO - Tmp dir root location: /tmp
[2026-02-02T15:02:35.100+0000] {subprocess.py:75} INFO - Running command: ['/usr/bin/bash', '-c', 'cd /opt/***/dbt_project && dbt run']
[2026-02-02T15:02:35.112+0000] {subprocess.py:86} INFO - Output:
[2026-02-02T15:02:37.464+0000] {subprocess.py:93} INFO - [0m15:02:37  Running with dbt=1.11.2
[2026-02-02T15:02:38.334+0000] {subprocess.py:93} INFO - [0m15:02:38  Registered adapter: snowflake=1.11.1
[2026-02-02T15:02:39.302+0000] {subprocess.py:93} INFO - [0m15:02:39  Unable to do partial parsing because an error occurred. Switching to full reparse.
[2026-02-02T15:02:40.762+0000] {subprocess.py:93} INFO - [0m15:02:40  Found 4 models, 6 data tests, 2 sources, 639 macros
[2026-02-02T15:02:40.764+0000] {subprocess.py:93} INFO - [0m15:02:40
[2026-02-02T15:02:40.765+0000] {subprocess.py:93} INFO - [0m15:02:40  Concurrency: 1 threads (target='dev')
[2026-02-02T15:02:40.766+0000] {subprocess.py:93} INFO - [0m15:02:40
[2026-02-02T15:02:50.937+0000] {subprocess.py:93} INFO - [0m15:02:50  1 of 4 START sql table model STAGING.stg_company_info .......................... [RUN]
[2026-02-02T15:02:54.019+0000] {subprocess.py:93} INFO - [0m15:02:54  1 of 4 OK created sql table model STAGING.stg_company_info ..................... [[32mSUCCESS 1[0m in 3.07s]
[2026-02-02T15:02:54.024+0000] {subprocess.py:93} INFO - [0m15:02:54  2 of 4 START sql table model STAGING.stg_stock_prices .......................... [RUN]
[2026-02-02T15:02:57.457+0000] {subprocess.py:93} INFO - [0m15:02:57  2 of 4 OK created sql table model STAGING.stg_stock_prices ..................... [[32mSUCCESS 1[0m in 3.43s]
[2026-02-02T15:02:57.462+0000] {subprocess.py:93} INFO - [0m15:02:57  3 of 4 START sql table model ANALYTICS.dim_company ............................. [RUN]
[2026-02-02T15:03:00.111+0000] {subprocess.py:93} INFO - [0m15:03:00  3 of 4 OK created sql table model ANALYTICS.dim_company ........................ [[32mSUCCESS 1[0m in 2.65s]
[2026-02-02T15:03:00.116+0000] {subprocess.py:93} INFO - [0m15:03:00  4 of 4 START sql table model ANALYTICS.fact_stock_prices ....................... [RUN]
[2026-02-02T15:03:03.717+0000] {subprocess.py:93} INFO - [0m15:03:03  4 of 4 OK created sql table model ANALYTICS.fact_stock_prices .................. [[32mSUCCESS 1[0m in 3.60s]
[2026-02-02T15:03:03.724+0000] {subprocess.py:93} INFO - [0m15:03:03
[2026-02-02T15:03:03.726+0000] {subprocess.py:93} INFO - [0m15:03:03  Finished running 4 table models in 0 hours 0 minutes and 22.96 seconds (22.96s).
[2026-02-02T15:03:03.796+0000] {subprocess.py:93} INFO - [0m15:03:03
[2026-02-02T15:03:03.797+0000] {subprocess.py:93} INFO - [0m15:03:03  [32mCompleted successfully[0m
[2026-02-02T15:03:03.798+0000] {subprocess.py:93} INFO - [0m15:03:03
[2026-02-02T15:03:03.799+0000] {subprocess.py:93} INFO - [0m15:03:03  Done. PASS=4 WARN=0 ERROR=0 SKIP=0 NO-OP=0 TOTAL=4
[2026-02-02T15:03:04.219+0000] {subprocess.py:97} INFO - Command exited with return code 0
[2026-02-02T15:03:04.221+0000] {taskinstance.py:441} INFO - ::group::Post task execution logs
[2026-02-02T15:03:04.241+0000] {taskinstance.py:1205} INFO - Marking task as SUCCESS. dag_id=stock_market_batch_pipeline, task_id=dbt_run, execution_date=20260202T150218, start_date=20260202T150234, end_date=20260202T150304
[2026-02-02T15:03:04.287+0000] {local_task_job_runner.py:240} INFO - Task exited with return code 0
[2026-02-02T15:03:04.301+0000] {taskinstance.py:3482} INFO - 1 downstream tasks scheduled from follow-on schedule check
[2026-02-02T15:03:04.303+0000] {local_task_job_runner.py:222} INFO - ::endgroup::
