[2026-02-02T15:16:37.108+0000] {local_task_job_runner.py:120} INFO - ::group::Pre task execution logs
[2026-02-02T15:16:37.136+0000] {taskinstance.py:2073} INFO - Dependencies all met for dep_context=non-requeueable deps ti=<TaskInstance: stock_market_batch_pipeline.dbt_run scheduled__2026-02-01T00:00:00+00:00 [queued]>
[2026-02-02T15:16:37.142+0000] {taskinstance.py:2073} INFO - Dependencies all met for dep_context=requeueable deps ti=<TaskInstance: stock_market_batch_pipeline.dbt_run scheduled__2026-02-01T00:00:00+00:00 [queued]>
[2026-02-02T15:16:37.143+0000] {taskinstance.py:2303} INFO - Starting attempt 1 of 2
[2026-02-02T15:16:37.154+0000] {taskinstance.py:2327} INFO - Executing <Task(BashOperator): dbt_run> on 2026-02-01 00:00:00+00:00
[2026-02-02T15:16:37.160+0000] {logging_mixin.py:188} WARNING - /home/***/.local/lib/python3.12/site-packages/***/task/task_runner/standard_task_runner.py:61 DeprecationWarning: This process (pid=977) is multi-threaded, use of fork() may lead to deadlocks in the child.
[2026-02-02T15:16:37.161+0000] {standard_task_runner.py:63} INFO - Started process 980 to run task
[2026-02-02T15:16:37.160+0000] {standard_task_runner.py:90} INFO - Running: ['***', 'tasks', 'run', 'stock_market_batch_pipeline', 'dbt_run', 'scheduled__2026-02-01T00:00:00+00:00', '--job-id', '16', '--raw', '--subdir', 'DAGS_FOLDER/stock_etl.py', '--cfg-path', '/tmp/tmpdce2ec_z']
[2026-02-02T15:16:37.162+0000] {standard_task_runner.py:91} INFO - Job 16: Subtask dbt_run
[2026-02-02T15:16:37.175+0000] {logging_mixin.py:188} WARNING - /home/***/.local/lib/python3.12/site-packages/***/settings.py:195 DeprecationWarning: The sql_alchemy_conn option in [core] has been moved to the sql_alchemy_conn option in [database] - the old setting has been used, but please update your config.
[2026-02-02T15:16:37.208+0000] {task_command.py:426} INFO - Running <TaskInstance: stock_market_batch_pipeline.dbt_run scheduled__2026-02-01T00:00:00+00:00 [running]> on host ff0fefa6cf5a
[2026-02-02T15:16:37.273+0000] {taskinstance.py:2644} INFO - Exporting env vars: AIRFLOW_CTX_DAG_OWNER='data_engineer' AIRFLOW_CTX_DAG_ID='stock_market_batch_pipeline' AIRFLOW_CTX_TASK_ID='dbt_run' AIRFLOW_CTX_EXECUTION_DATE='2026-02-01T00:00:00+00:00' AIRFLOW_CTX_TRY_NUMBER='1' AIRFLOW_CTX_DAG_RUN_ID='scheduled__2026-02-01T00:00:00+00:00'
[2026-02-02T15:16:37.275+0000] {taskinstance.py:430} INFO - ::endgroup::
[2026-02-02T15:16:37.287+0000] {subprocess.py:63} INFO - Tmp dir root location: /tmp
[2026-02-02T15:16:37.288+0000] {subprocess.py:75} INFO - Running command: ['/usr/bin/bash', '-c', 'cd /opt/***/dbt_project && dbt run']
[2026-02-02T15:16:37.296+0000] {subprocess.py:86} INFO - Output:
[2026-02-02T15:16:39.100+0000] {subprocess.py:93} INFO - [0m15:16:39  Running with dbt=1.11.2
[2026-02-02T15:16:39.964+0000] {subprocess.py:93} INFO - [0m15:16:39  Registered adapter: snowflake=1.11.1
[2026-02-02T15:16:40.533+0000] {subprocess.py:93} INFO - [0m15:16:40  Found 4 models, 6 data tests, 2 sources, 639 macros
[2026-02-02T15:16:40.535+0000] {subprocess.py:93} INFO - [0m15:16:40
[2026-02-02T15:16:40.536+0000] {subprocess.py:93} INFO - [0m15:16:40  Concurrency: 1 threads (target='dev')
[2026-02-02T15:16:40.537+0000] {subprocess.py:93} INFO - [0m15:16:40
[2026-02-02T15:16:49.284+0000] {subprocess.py:93} INFO - [0m15:16:49  1 of 4 START sql table model STAGING.stg_company_info .......................... [RUN]
[2026-02-02T15:16:51.919+0000] {subprocess.py:93} INFO - [0m15:16:51  1 of 4 OK created sql table model STAGING.stg_company_info ..................... [[32mSUCCESS 1[0m in 2.63s]
[2026-02-02T15:16:51.923+0000] {subprocess.py:93} INFO - [0m15:16:51  2 of 4 START sql table model STAGING.stg_stock_prices .......................... [RUN]
[2026-02-02T15:16:54.543+0000] {subprocess.py:93} INFO - [0m15:16:54  2 of 4 OK created sql table model STAGING.stg_stock_prices ..................... [[32mSUCCESS 1[0m in 2.62s]
[2026-02-02T15:16:54.548+0000] {subprocess.py:93} INFO - [0m15:16:54  3 of 4 START sql table model ANALYTICS.dim_company ............................. [RUN]
[2026-02-02T15:16:57.269+0000] {subprocess.py:93} INFO - [0m15:16:57  3 of 4 OK created sql table model ANALYTICS.dim_company ........................ [[32mSUCCESS 1[0m in 2.72s]
[2026-02-02T15:16:57.274+0000] {subprocess.py:93} INFO - [0m15:16:57  4 of 4 START sql table model ANALYTICS.fact_stock_prices ....................... [RUN]
[2026-02-02T15:17:00.145+0000] {subprocess.py:93} INFO - [0m15:17:00  4 of 4 OK created sql table model ANALYTICS.fact_stock_prices .................. [[32mSUCCESS 1[0m in 2.87s]
[2026-02-02T15:17:00.153+0000] {subprocess.py:93} INFO - [0m15:17:00
[2026-02-02T15:17:00.154+0000] {subprocess.py:93} INFO - [0m15:17:00  Finished running 4 table models in 0 hours 0 minutes and 19.62 seconds (19.62s).
[2026-02-02T15:17:00.211+0000] {subprocess.py:93} INFO - [0m15:17:00
[2026-02-02T15:17:00.212+0000] {subprocess.py:93} INFO - [0m15:17:00  [32mCompleted successfully[0m
[2026-02-02T15:17:00.212+0000] {subprocess.py:93} INFO - [0m15:17:00
[2026-02-02T15:17:00.213+0000] {subprocess.py:93} INFO - [0m15:17:00  Done. PASS=4 WARN=0 ERROR=0 SKIP=0 NO-OP=0 TOTAL=4
[2026-02-02T15:17:00.565+0000] {subprocess.py:97} INFO - Command exited with return code 0
[2026-02-02T15:17:00.566+0000] {taskinstance.py:441} INFO - ::group::Post task execution logs
[2026-02-02T15:17:00.597+0000] {taskinstance.py:1205} INFO - Marking task as SUCCESS. dag_id=stock_market_batch_pipeline, task_id=dbt_run, execution_date=20260201T000000, start_date=20260202T151637, end_date=20260202T151700
[2026-02-02T15:17:00.613+0000] {local_task_job_runner.py:240} INFO - Task exited with return code 0
[2026-02-02T15:17:00.628+0000] {taskinstance.py:3482} INFO - 1 downstream tasks scheduled from follow-on schedule check
[2026-02-02T15:17:00.630+0000] {local_task_job_runner.py:222} INFO - ::endgroup::
