[2026-02-02T19:08:32.558+0000] {local_task_job_runner.py:120} INFO - ::group::Pre task execution logs
[2026-02-02T19:08:32.584+0000] {taskinstance.py:2073} INFO - Dependencies all met for dep_context=non-requeueable deps ti=<TaskInstance: stock_market_batch_pipeline.dbt_run manual__2026-02-02T19:08:14.523488+00:00 [queued]>
[2026-02-02T19:08:32.591+0000] {taskinstance.py:2073} INFO - Dependencies all met for dep_context=requeueable deps ti=<TaskInstance: stock_market_batch_pipeline.dbt_run manual__2026-02-02T19:08:14.523488+00:00 [queued]>
[2026-02-02T19:08:32.592+0000] {taskinstance.py:2303} INFO - Starting attempt 1 of 2
[2026-02-02T19:08:32.603+0000] {taskinstance.py:2327} INFO - Executing <Task(BashOperator): dbt_run> on 2026-02-02 19:08:14.523488+00:00
[2026-02-02T19:08:32.609+0000] {logging_mixin.py:188} WARNING - /home/***/.local/lib/python3.12/site-packages/***/task/task_runner/standard_task_runner.py:61 DeprecationWarning: This process (pid=1242) is multi-threaded, use of fork() may lead to deadlocks in the child.
[2026-02-02T19:08:32.611+0000] {standard_task_runner.py:63} INFO - Started process 1243 to run task
[2026-02-02T19:08:32.609+0000] {standard_task_runner.py:90} INFO - Running: ['***', 'tasks', 'run', 'stock_market_batch_pipeline', 'dbt_run', 'manual__2026-02-02T19:08:14.523488+00:00', '--job-id', '21', '--raw', '--subdir', 'DAGS_FOLDER/stock_etl.py', '--cfg-path', '/tmp/tmpr0yghcmd']
[2026-02-02T19:08:32.612+0000] {standard_task_runner.py:91} INFO - Job 21: Subtask dbt_run
[2026-02-02T19:08:32.625+0000] {logging_mixin.py:188} WARNING - /home/***/.local/lib/python3.12/site-packages/***/settings.py:195 DeprecationWarning: The sql_alchemy_conn option in [core] has been moved to the sql_alchemy_conn option in [database] - the old setting has been used, but please update your config.
[2026-02-02T19:08:32.656+0000] {task_command.py:426} INFO - Running <TaskInstance: stock_market_batch_pipeline.dbt_run manual__2026-02-02T19:08:14.523488+00:00 [running]> on host ff0fefa6cf5a
[2026-02-02T19:08:32.730+0000] {taskinstance.py:2644} INFO - Exporting env vars: AIRFLOW_CTX_DAG_OWNER='data_engineer' AIRFLOW_CTX_DAG_ID='stock_market_batch_pipeline' AIRFLOW_CTX_TASK_ID='dbt_run' AIRFLOW_CTX_EXECUTION_DATE='2026-02-02T19:08:14.523488+00:00' AIRFLOW_CTX_TRY_NUMBER='1' AIRFLOW_CTX_DAG_RUN_ID='manual__2026-02-02T19:08:14.523488+00:00'
[2026-02-02T19:08:32.731+0000] {taskinstance.py:430} INFO - ::endgroup::
[2026-02-02T19:08:32.743+0000] {subprocess.py:63} INFO - Tmp dir root location: /tmp
[2026-02-02T19:08:32.745+0000] {subprocess.py:75} INFO - Running command: ['/usr/bin/bash', '-c', 'cd /opt/***/dbt_project && dbt run']
[2026-02-02T19:08:32.752+0000] {subprocess.py:86} INFO - Output:
[2026-02-02T19:08:34.483+0000] {subprocess.py:93} INFO - [0m19:08:34  Running with dbt=1.11.2
[2026-02-02T19:08:35.219+0000] {subprocess.py:93} INFO - [0m19:08:35  Registered adapter: snowflake=1.11.1
[2026-02-02T19:08:36.092+0000] {subprocess.py:93} INFO - [0m19:08:36  Found 4 models, 6 data tests, 2 sources, 639 macros
[2026-02-02T19:08:36.095+0000] {subprocess.py:93} INFO - [0m19:08:36
[2026-02-02T19:08:36.096+0000] {subprocess.py:93} INFO - [0m19:08:36  Concurrency: 1 threads (target='dev')
[2026-02-02T19:08:36.096+0000] {subprocess.py:93} INFO - [0m19:08:36
[2026-02-02T19:08:50.465+0000] {subprocess.py:93} INFO - [0m19:08:50  1 of 4 START sql table model STAGING.stg_company_info .......................... [RUN]
[2026-02-02T19:08:53.869+0000] {subprocess.py:93} INFO - [0m19:08:53  1 of 4 OK created sql table model STAGING.stg_company_info ..................... [[32mSUCCESS 1[0m in 3.40s]
[2026-02-02T19:08:53.874+0000] {subprocess.py:93} INFO - [0m19:08:53  2 of 4 START sql table model STAGING.stg_stock_prices .......................... [RUN]
[2026-02-02T19:08:57.095+0000] {subprocess.py:93} INFO - [0m19:08:57  2 of 4 OK created sql table model STAGING.stg_stock_prices ..................... [[32mSUCCESS 1[0m in 3.22s]
[2026-02-02T19:08:57.099+0000] {subprocess.py:93} INFO - [0m19:08:57  3 of 4 START sql table model ANALYTICS.dim_company ............................. [RUN]
[2026-02-02T19:09:01.465+0000] {subprocess.py:93} INFO - [0m19:09:01  3 of 4 OK created sql table model ANALYTICS.dim_company ........................ [[32mSUCCESS 1[0m in 4.36s]
[2026-02-02T19:09:01.469+0000] {subprocess.py:93} INFO - [0m19:09:01  4 of 4 START sql table model ANALYTICS.fact_stock_prices ....................... [RUN]
[2026-02-02T19:09:05.394+0000] {subprocess.py:93} INFO - [0m19:09:05  4 of 4 OK created sql table model ANALYTICS.fact_stock_prices .................. [[32mSUCCESS 1[0m in 3.92s]
[2026-02-02T19:09:05.402+0000] {subprocess.py:93} INFO - [0m19:09:05
[2026-02-02T19:09:05.403+0000] {subprocess.py:93} INFO - [0m19:09:05  Finished running 4 table models in 0 hours 0 minutes and 29.30 seconds (29.30s).
[2026-02-02T19:09:05.458+0000] {subprocess.py:93} INFO - [0m19:09:05
[2026-02-02T19:09:05.459+0000] {subprocess.py:93} INFO - [0m19:09:05  [32mCompleted successfully[0m
[2026-02-02T19:09:05.460+0000] {subprocess.py:93} INFO - [0m19:09:05
[2026-02-02T19:09:05.460+0000] {subprocess.py:93} INFO - [0m19:09:05  Done. PASS=4 WARN=0 ERROR=0 SKIP=0 NO-OP=0 TOTAL=4
[2026-02-02T19:09:05.887+0000] {subprocess.py:97} INFO - Command exited with return code 0
[2026-02-02T19:09:05.888+0000] {taskinstance.py:441} INFO - ::group::Post task execution logs
[2026-02-02T19:09:05.917+0000] {taskinstance.py:1205} INFO - Marking task as SUCCESS. dag_id=stock_market_batch_pipeline, task_id=dbt_run, execution_date=20260202T190814, start_date=20260202T190832, end_date=20260202T190905
[2026-02-02T19:09:05.971+0000] {local_task_job_runner.py:240} INFO - Task exited with return code 0
[2026-02-02T19:09:05.989+0000] {taskinstance.py:3482} INFO - 1 downstream tasks scheduled from follow-on schedule check
[2026-02-02T19:09:05.991+0000] {local_task_job_runner.py:222} INFO - ::endgroup::
