[2026-01-30T14:21:23.965+0000] {processor.py:161} INFO - Started process (PID=172) to work on /opt/airflow/dags/stock_etl.py
[2026-01-30T14:21:23.968+0000] {processor.py:830} INFO - Processing file /opt/airflow/dags/stock_etl.py for tasks to queue
[2026-01-30T14:21:23.972+0000] {logging_mixin.py:188} INFO - [2026-01-30T14:21:23.972+0000] {dagbag.py:540} INFO - Filling up the DagBag from /opt/airflow/dags/stock_etl.py
[2026-01-30T14:21:24.094+0000] {processor.py:840} INFO - DAG(s) 'stock_market_batch_pipeline' retrieved from /opt/airflow/dags/stock_etl.py
[2026-01-30T14:21:24.630+0000] {logging_mixin.py:188} INFO - [2026-01-30T14:21:24.629+0000] {override.py:1829} INFO - Created Permission View: can edit on DAG:stock_market_batch_pipeline
[2026-01-30T14:21:24.654+0000] {logging_mixin.py:188} INFO - [2026-01-30T14:21:24.654+0000] {override.py:1829} INFO - Created Permission View: can read on DAG:stock_market_batch_pipeline
[2026-01-30T14:21:24.674+0000] {logging_mixin.py:188} INFO - [2026-01-30T14:21:24.674+0000] {override.py:1829} INFO - Created Permission View: can delete on DAG:stock_market_batch_pipeline
[2026-01-30T14:21:24.676+0000] {logging_mixin.py:188} INFO - [2026-01-30T14:21:24.675+0000] {dag.py:3096} INFO - Sync 1 DAGs
[2026-01-30T14:21:24.702+0000] {logging_mixin.py:188} INFO - [2026-01-30T14:21:24.701+0000] {dag.py:3118} INFO - Creating ORM DAG for stock_market_batch_pipeline
[2026-01-30T14:21:24.732+0000] {logging_mixin.py:188} INFO - [2026-01-30T14:21:24.731+0000] {dag.py:3954} INFO - Setting next_dagrun for stock_market_batch_pipeline to 2026-01-29 00:00:00+00:00, run_after=2026-01-30 00:00:00+00:00
[2026-01-30T14:21:24.813+0000] {processor.py:183} INFO - Processing /opt/airflow/dags/stock_etl.py took 0.861 seconds
[2026-01-30T14:21:55.307+0000] {processor.py:161} INFO - Started process (PID=177) to work on /opt/airflow/dags/stock_etl.py
[2026-01-30T14:21:55.310+0000] {processor.py:830} INFO - Processing file /opt/airflow/dags/stock_etl.py for tasks to queue
[2026-01-30T14:21:55.315+0000] {logging_mixin.py:188} INFO - [2026-01-30T14:21:55.314+0000] {dagbag.py:540} INFO - Filling up the DagBag from /opt/airflow/dags/stock_etl.py
[2026-01-30T14:21:55.392+0000] {processor.py:840} INFO - DAG(s) 'stock_market_batch_pipeline' retrieved from /opt/airflow/dags/stock_etl.py
[2026-01-30T14:21:55.465+0000] {logging_mixin.py:188} INFO - [2026-01-30T14:21:55.464+0000] {dag.py:3096} INFO - Sync 1 DAGs
[2026-01-30T14:21:55.516+0000] {logging_mixin.py:188} INFO - [2026-01-30T14:21:55.515+0000] {dag.py:3954} INFO - Setting next_dagrun for stock_market_batch_pipeline to 2026-01-29 00:00:00+00:00, run_after=2026-01-30 00:00:00+00:00
[2026-01-30T14:21:55.602+0000] {processor.py:183} INFO - Processing /opt/airflow/dags/stock_etl.py took 0.310 seconds
[2026-01-30T14:22:25.743+0000] {processor.py:161} INFO - Started process (PID=182) to work on /opt/airflow/dags/stock_etl.py
[2026-01-30T14:22:25.746+0000] {processor.py:830} INFO - Processing file /opt/airflow/dags/stock_etl.py for tasks to queue
[2026-01-30T14:22:25.752+0000] {logging_mixin.py:188} INFO - [2026-01-30T14:22:25.751+0000] {dagbag.py:540} INFO - Filling up the DagBag from /opt/airflow/dags/stock_etl.py
[2026-01-30T14:22:25.842+0000] {processor.py:840} INFO - DAG(s) 'stock_market_batch_pipeline' retrieved from /opt/airflow/dags/stock_etl.py
[2026-01-30T14:22:25.914+0000] {logging_mixin.py:188} INFO - [2026-01-30T14:22:25.913+0000] {dag.py:3096} INFO - Sync 1 DAGs
[2026-01-30T14:22:25.968+0000] {logging_mixin.py:188} INFO - [2026-01-30T14:22:25.967+0000] {dag.py:3954} INFO - Setting next_dagrun for stock_market_batch_pipeline to 2026-01-29 00:00:00+00:00, run_after=2026-01-30 00:00:00+00:00
[2026-01-30T14:22:26.057+0000] {processor.py:183} INFO - Processing /opt/airflow/dags/stock_etl.py took 0.330 seconds
[2026-01-30T14:22:56.402+0000] {processor.py:161} INFO - Started process (PID=187) to work on /opt/airflow/dags/stock_etl.py
[2026-01-30T14:22:56.405+0000] {processor.py:830} INFO - Processing file /opt/airflow/dags/stock_etl.py for tasks to queue
[2026-01-30T14:22:56.412+0000] {logging_mixin.py:188} INFO - [2026-01-30T14:22:56.411+0000] {dagbag.py:540} INFO - Filling up the DagBag from /opt/airflow/dags/stock_etl.py
[2026-01-30T14:22:56.499+0000] {processor.py:840} INFO - DAG(s) 'stock_market_batch_pipeline' retrieved from /opt/airflow/dags/stock_etl.py
[2026-01-30T14:22:56.570+0000] {logging_mixin.py:188} INFO - [2026-01-30T14:22:56.569+0000] {dag.py:3096} INFO - Sync 1 DAGs
[2026-01-30T14:22:56.627+0000] {logging_mixin.py:188} INFO - [2026-01-30T14:22:56.627+0000] {dag.py:3954} INFO - Setting next_dagrun for stock_market_batch_pipeline to 2026-01-29 00:00:00+00:00, run_after=2026-01-30 00:00:00+00:00
[2026-01-30T14:22:56.718+0000] {processor.py:183} INFO - Processing /opt/airflow/dags/stock_etl.py took 0.334 seconds
[2026-01-30T14:23:40.779+0000] {processor.py:161} INFO - Started process (PID=173) to work on /opt/airflow/dags/stock_etl.py
[2026-01-30T14:23:40.782+0000] {processor.py:830} INFO - Processing file /opt/airflow/dags/stock_etl.py for tasks to queue
[2026-01-30T14:23:40.787+0000] {logging_mixin.py:188} INFO - [2026-01-30T14:23:40.786+0000] {dagbag.py:540} INFO - Filling up the DagBag from /opt/airflow/dags/stock_etl.py
[2026-01-30T14:23:40.857+0000] {processor.py:840} INFO - DAG(s) 'stock_market_batch_pipeline' retrieved from /opt/airflow/dags/stock_etl.py
[2026-01-30T14:23:40.916+0000] {logging_mixin.py:188} INFO - [2026-01-30T14:23:40.916+0000] {dag.py:3096} INFO - Sync 1 DAGs
[2026-01-30T14:23:40.968+0000] {logging_mixin.py:188} INFO - [2026-01-30T14:23:40.967+0000] {dag.py:3954} INFO - Setting next_dagrun for stock_market_batch_pipeline to 2026-01-29 00:00:00+00:00, run_after=2026-01-30 00:00:00+00:00
[2026-01-30T14:23:41.019+0000] {processor.py:183} INFO - Processing /opt/airflow/dags/stock_etl.py took 0.256 seconds
