[2026-02-04T10:20:34.920+0000] {local_task_job_runner.py:120} INFO - ::group::Pre task execution logs
[2026-02-04T10:20:34.947+0000] {taskinstance.py:2073} INFO - Dependencies all met for dep_context=non-requeueable deps ti=<TaskInstance: stock_market_batch_pipeline.dbt_run scheduled__2026-02-03T00:00:00+00:00 [queued]>
[2026-02-04T10:20:34.953+0000] {taskinstance.py:2073} INFO - Dependencies all met for dep_context=requeueable deps ti=<TaskInstance: stock_market_batch_pipeline.dbt_run scheduled__2026-02-03T00:00:00+00:00 [queued]>
[2026-02-04T10:20:34.953+0000] {taskinstance.py:2303} INFO - Starting attempt 2 of 3
[2026-02-04T10:20:34.963+0000] {taskinstance.py:2327} INFO - Executing <Task(BashOperator): dbt_run> on 2026-02-03 00:00:00+00:00
[2026-02-04T10:20:34.969+0000] {logging_mixin.py:188} WARNING - /home/***/.local/lib/python3.12/site-packages/***/task/task_runner/standard_task_runner.py:61 DeprecationWarning: This process (pid=450) is multi-threaded, use of fork() may lead to deadlocks in the child.
[2026-02-04T10:20:34.970+0000] {standard_task_runner.py:63} INFO - Started process 451 to run task
[2026-02-04T10:20:34.969+0000] {standard_task_runner.py:90} INFO - Running: ['***', 'tasks', 'run', 'stock_market_batch_pipeline', 'dbt_run', 'scheduled__2026-02-03T00:00:00+00:00', '--job-id', '9', '--raw', '--subdir', 'DAGS_FOLDER/stock_etl.py', '--cfg-path', '/tmp/tmp28iek3je']
[2026-02-04T10:20:34.970+0000] {standard_task_runner.py:91} INFO - Job 9: Subtask dbt_run
[2026-02-04T10:20:34.982+0000] {logging_mixin.py:188} WARNING - /home/***/.local/lib/python3.12/site-packages/***/settings.py:195 DeprecationWarning: The sql_alchemy_conn option in [core] has been moved to the sql_alchemy_conn option in [database] - the old setting has been used, but please update your config.
[2026-02-04T10:20:35.008+0000] {task_command.py:426} INFO - Running <TaskInstance: stock_market_batch_pipeline.dbt_run scheduled__2026-02-03T00:00:00+00:00 [running]> on host 146d39896f07
[2026-02-04T10:20:35.072+0000] {taskinstance.py:2644} INFO - Exporting env vars: AIRFLOW_CTX_DAG_OWNER='data_engineer' AIRFLOW_CTX_DAG_ID='stock_market_batch_pipeline' AIRFLOW_CTX_TASK_ID='dbt_run' AIRFLOW_CTX_EXECUTION_DATE='2026-02-03T00:00:00+00:00' AIRFLOW_CTX_TRY_NUMBER='2' AIRFLOW_CTX_DAG_RUN_ID='scheduled__2026-02-03T00:00:00+00:00'
[2026-02-04T10:20:35.073+0000] {taskinstance.py:430} INFO - ::endgroup::
[2026-02-04T10:20:35.085+0000] {subprocess.py:63} INFO - Tmp dir root location: /tmp
[2026-02-04T10:20:35.086+0000] {subprocess.py:75} INFO - Running command: ['/usr/bin/bash', '-c', 'cd /opt/***/dbt_project && dbt run']
[2026-02-04T10:20:35.094+0000] {subprocess.py:86} INFO - Output:
[2026-02-04T10:20:36.815+0000] {subprocess.py:93} INFO - [0m10:20:36  Running with dbt=1.11.2
[2026-02-04T10:20:37.563+0000] {subprocess.py:93} INFO - [0m10:20:37  Registered adapter: snowflake=1.11.1
[2026-02-04T10:20:38.281+0000] {subprocess.py:93} INFO - [0m10:20:38  Found 4 models, 6 data tests, 2 sources, 639 macros
[2026-02-04T10:20:38.284+0000] {subprocess.py:93} INFO - [0m10:20:38
[2026-02-04T10:20:38.285+0000] {subprocess.py:93} INFO - [0m10:20:38  Concurrency: 1 threads (target='dev')
[2026-02-04T10:20:38.285+0000] {subprocess.py:93} INFO - [0m10:20:38
[2026-02-04T10:20:47.544+0000] {subprocess.py:93} INFO - [0m10:20:47  1 of 4 START sql table model STAGING.stg_company_info .......................... [RUN]
[2026-02-04T10:20:50.521+0000] {subprocess.py:93} INFO - [0m10:20:50  1 of 4 OK created sql table model STAGING.stg_company_info ..................... [[32mSUCCESS 1[0m in 2.97s]
[2026-02-04T10:20:50.526+0000] {subprocess.py:93} INFO - [0m10:20:50  2 of 4 START sql table model STAGING.stg_stock_prices .......................... [RUN]
[2026-02-04T10:20:53.267+0000] {subprocess.py:93} INFO - [0m10:20:53  2 of 4 OK created sql table model STAGING.stg_stock_prices ..................... [[32mSUCCESS 1[0m in 2.74s]
[2026-02-04T10:20:53.272+0000] {subprocess.py:93} INFO - [0m10:20:53  3 of 4 START sql table model ANALYTICS.dim_company ............................. [RUN]
[2026-02-04T10:20:55.986+0000] {subprocess.py:93} INFO - [0m10:20:55  3 of 4 OK created sql table model ANALYTICS.dim_company ........................ [[32mSUCCESS 1[0m in 2.71s]
[2026-02-04T10:20:55.991+0000] {subprocess.py:93} INFO - [0m10:20:55  4 of 4 START sql table model ANALYTICS.fact_stock_prices ....................... [RUN]
[2026-02-04T10:20:58.955+0000] {subprocess.py:93} INFO - [0m10:20:58  4 of 4 OK created sql table model ANALYTICS.fact_stock_prices .................. [[32mSUCCESS 1[0m in 2.96s]
[2026-02-04T10:20:58.962+0000] {subprocess.py:93} INFO - [0m10:20:58
[2026-02-04T10:20:58.963+0000] {subprocess.py:93} INFO - [0m10:20:58  Finished running 4 table models in 0 hours 0 minutes and 20.68 seconds (20.68s).
[2026-02-04T10:20:59.016+0000] {subprocess.py:93} INFO - [0m10:20:59
[2026-02-04T10:20:59.017+0000] {subprocess.py:93} INFO - [0m10:20:59  [32mCompleted successfully[0m
[2026-02-04T10:20:59.017+0000] {subprocess.py:93} INFO - [0m10:20:59
[2026-02-04T10:20:59.018+0000] {subprocess.py:93} INFO - [0m10:20:59  Done. PASS=4 WARN=0 ERROR=0 SKIP=0 NO-OP=0 TOTAL=4
[2026-02-04T10:20:59.358+0000] {subprocess.py:97} INFO - Command exited with return code 0
[2026-02-04T10:20:59.359+0000] {taskinstance.py:441} INFO - ::group::Post task execution logs
[2026-02-04T10:20:59.387+0000] {taskinstance.py:1205} INFO - Marking task as SUCCESS. dag_id=stock_market_batch_pipeline, task_id=dbt_run, execution_date=20260203T000000, start_date=20260204T102034, end_date=20260204T102059
[2026-02-04T10:20:59.438+0000] {local_task_job_runner.py:240} INFO - Task exited with return code 0
[2026-02-04T10:20:59.452+0000] {taskinstance.py:3482} INFO - 1 downstream tasks scheduled from follow-on schedule check
[2026-02-04T10:20:59.454+0000] {local_task_job_runner.py:222} INFO - ::endgroup::
