[2026-02-04T10:17:51.824+0000] {local_task_job_runner.py:120} INFO - ::group::Pre task execution logs
[2026-02-04T10:17:51.857+0000] {taskinstance.py:2073} INFO - Dependencies all met for dep_context=non-requeueable deps ti=<TaskInstance: stock_market_batch_pipeline.dbt_run manual__2026-02-04T10:17:38.800621+00:00 [queued]>
[2026-02-04T10:17:51.864+0000] {taskinstance.py:2073} INFO - Dependencies all met for dep_context=requeueable deps ti=<TaskInstance: stock_market_batch_pipeline.dbt_run manual__2026-02-04T10:17:38.800621+00:00 [queued]>
[2026-02-04T10:17:51.865+0000] {taskinstance.py:2303} INFO - Starting attempt 1 of 2
[2026-02-04T10:17:51.875+0000] {taskinstance.py:2327} INFO - Executing <Task(BashOperator): dbt_run> on 2026-02-04 10:17:38.800621+00:00
[2026-02-04T10:17:51.881+0000] {logging_mixin.py:188} WARNING - /home/***/.local/lib/python3.12/site-packages/***/task/task_runner/standard_task_runner.py:61 DeprecationWarning: This process (pid=250) is multi-threaded, use of fork() may lead to deadlocks in the child.
[2026-02-04T10:17:51.881+0000] {standard_task_runner.py:90} INFO - Running: ['***', 'tasks', 'run', 'stock_market_batch_pipeline', 'dbt_run', 'manual__2026-02-04T10:17:38.800621+00:00', '--job-id', '5', '--raw', '--subdir', 'DAGS_FOLDER/stock_etl.py', '--cfg-path', '/tmp/tmpfnair24b']
[2026-02-04T10:17:51.883+0000] {standard_task_runner.py:63} INFO - Started process 251 to run task
[2026-02-04T10:17:51.884+0000] {standard_task_runner.py:91} INFO - Job 5: Subtask dbt_run
[2026-02-04T10:17:51.903+0000] {logging_mixin.py:188} WARNING - /home/***/.local/lib/python3.12/site-packages/***/settings.py:195 DeprecationWarning: The sql_alchemy_conn option in [core] has been moved to the sql_alchemy_conn option in [database] - the old setting has been used, but please update your config.
[2026-02-04T10:17:51.952+0000] {task_command.py:426} INFO - Running <TaskInstance: stock_market_batch_pipeline.dbt_run manual__2026-02-04T10:17:38.800621+00:00 [running]> on host 146d39896f07
[2026-02-04T10:17:52.050+0000] {taskinstance.py:2644} INFO - Exporting env vars: AIRFLOW_CTX_DAG_OWNER='data_engineer' AIRFLOW_CTX_DAG_ID='stock_market_batch_pipeline' AIRFLOW_CTX_TASK_ID='dbt_run' AIRFLOW_CTX_EXECUTION_DATE='2026-02-04T10:17:38.800621+00:00' AIRFLOW_CTX_TRY_NUMBER='1' AIRFLOW_CTX_DAG_RUN_ID='manual__2026-02-04T10:17:38.800621+00:00'
[2026-02-04T10:17:52.051+0000] {taskinstance.py:430} INFO - ::endgroup::
[2026-02-04T10:17:52.064+0000] {subprocess.py:63} INFO - Tmp dir root location: /tmp
[2026-02-04T10:17:52.065+0000] {subprocess.py:75} INFO - Running command: ['/usr/bin/bash', '-c', 'cd /opt/***/dbt_project && dbt run']
[2026-02-04T10:17:52.075+0000] {subprocess.py:86} INFO - Output:
[2026-02-04T10:17:54.122+0000] {subprocess.py:93} INFO - [0m10:17:54  Running with dbt=1.11.2
[2026-02-04T10:17:54.942+0000] {subprocess.py:93} INFO - [0m10:17:54  Registered adapter: snowflake=1.11.1
[2026-02-04T10:17:55.707+0000] {subprocess.py:93} INFO - [0m10:17:55  Found 4 models, 6 data tests, 2 sources, 639 macros
[2026-02-04T10:17:55.709+0000] {subprocess.py:93} INFO - [0m10:17:55
[2026-02-04T10:17:55.710+0000] {subprocess.py:93} INFO - [0m10:17:55  Concurrency: 1 threads (target='dev')
[2026-02-04T10:17:55.711+0000] {subprocess.py:93} INFO - [0m10:17:55
[2026-02-04T10:18:05.624+0000] {subprocess.py:93} INFO - [0m10:18:05  1 of 4 START sql table model STAGING.stg_company_info .......................... [RUN]
[2026-02-04T10:18:08.342+0000] {subprocess.py:93} INFO - [0m10:18:08  1 of 4 OK created sql table model STAGING.stg_company_info ..................... [[32mSUCCESS 1[0m in 2.72s]
[2026-02-04T10:18:08.346+0000] {subprocess.py:93} INFO - [0m10:18:08  2 of 4 START sql table model STAGING.stg_stock_prices .......................... [RUN]
[2026-02-04T10:18:11.222+0000] {subprocess.py:93} INFO - [0m10:18:11  2 of 4 OK created sql table model STAGING.stg_stock_prices ..................... [[32mSUCCESS 1[0m in 2.87s]
[2026-02-04T10:18:11.229+0000] {subprocess.py:93} INFO - [0m10:18:11  3 of 4 START sql table model ANALYTICS.dim_company ............................. [RUN]
[2026-02-04T10:18:14.338+0000] {subprocess.py:93} INFO - [0m10:18:14  3 of 4 OK created sql table model ANALYTICS.dim_company ........................ [[32mSUCCESS 1[0m in 3.11s]
[2026-02-04T10:18:14.342+0000] {subprocess.py:93} INFO - [0m10:18:14  4 of 4 START sql table model ANALYTICS.fact_stock_prices ....................... [RUN]
[2026-02-04T10:18:17.098+0000] {subprocess.py:93} INFO - [0m10:18:17  4 of 4 OK created sql table model ANALYTICS.fact_stock_prices .................. [[32mSUCCESS 1[0m in 2.75s]
[2026-02-04T10:18:17.103+0000] {subprocess.py:93} INFO - [0m10:18:17
[2026-02-04T10:18:17.104+0000] {subprocess.py:93} INFO - [0m10:18:17  Finished running 4 table models in 0 hours 0 minutes and 21.39 seconds (21.39s).
[2026-02-04T10:18:17.159+0000] {subprocess.py:93} INFO - [0m10:18:17
[2026-02-04T10:18:17.160+0000] {subprocess.py:93} INFO - [0m10:18:17  [32mCompleted successfully[0m
[2026-02-04T10:18:17.161+0000] {subprocess.py:93} INFO - [0m10:18:17
[2026-02-04T10:18:17.162+0000] {subprocess.py:93} INFO - [0m10:18:17  Done. PASS=4 WARN=0 ERROR=0 SKIP=0 NO-OP=0 TOTAL=4
[2026-02-04T10:18:17.609+0000] {subprocess.py:97} INFO - Command exited with return code 0
[2026-02-04T10:18:17.610+0000] {taskinstance.py:441} INFO - ::group::Post task execution logs
[2026-02-04T10:18:17.633+0000] {taskinstance.py:1205} INFO - Marking task as SUCCESS. dag_id=stock_market_batch_pipeline, task_id=dbt_run, execution_date=20260204T101738, start_date=20260204T101751, end_date=20260204T101817
[2026-02-04T10:18:17.674+0000] {local_task_job_runner.py:240} INFO - Task exited with return code 0
[2026-02-04T10:18:17.691+0000] {taskinstance.py:3482} INFO - 1 downstream tasks scheduled from follow-on schedule check
[2026-02-04T10:18:17.693+0000] {local_task_job_runner.py:222} INFO - ::endgroup::
