[2026-02-02T15:16:24.719+0000] {local_task_job_runner.py:120} INFO - ::group::Pre task execution logs
[2026-02-02T15:16:24.750+0000] {taskinstance.py:2073} INFO - Dependencies all met for dep_context=non-requeueable deps ti=<TaskInstance: stock_market_batch_pipeline.fetch_company_metadata manual__2026-02-02T14:48:47.603055+00:00 [queued]>
[2026-02-02T15:16:24.761+0000] {taskinstance.py:2073} INFO - Dependencies all met for dep_context=requeueable deps ti=<TaskInstance: stock_market_batch_pipeline.fetch_company_metadata manual__2026-02-02T14:48:47.603055+00:00 [queued]>
[2026-02-02T15:16:24.762+0000] {taskinstance.py:2303} INFO - Starting attempt 3 of 4
[2026-02-02T15:16:24.774+0000] {taskinstance.py:2327} INFO - Executing <Task(BashOperator): fetch_company_metadata> on 2026-02-02 14:48:47.603055+00:00
[2026-02-02T15:16:24.781+0000] {logging_mixin.py:188} WARNING - /home/***/.local/lib/python3.12/site-packages/***/task/task_runner/standard_task_runner.py:61 DeprecationWarning: This process (pid=910) is multi-threaded, use of fork() may lead to deadlocks in the child.
[2026-02-02T15:16:24.783+0000] {standard_task_runner.py:63} INFO - Started process 911 to run task
[2026-02-02T15:16:24.781+0000] {standard_task_runner.py:90} INFO - Running: ['***', 'tasks', 'run', 'stock_market_batch_pipeline', 'fetch_company_metadata', 'manual__2026-02-02T14:48:47.603055+00:00', '--job-id', '14', '--raw', '--subdir', 'DAGS_FOLDER/stock_etl.py', '--cfg-path', '/tmp/tmp54d9brmj']
[2026-02-02T15:16:24.784+0000] {standard_task_runner.py:91} INFO - Job 14: Subtask fetch_company_metadata
[2026-02-02T15:16:24.799+0000] {logging_mixin.py:188} WARNING - /home/***/.local/lib/python3.12/site-packages/***/settings.py:195 DeprecationWarning: The sql_alchemy_conn option in [core] has been moved to the sql_alchemy_conn option in [database] - the old setting has been used, but please update your config.
[2026-02-02T15:16:24.831+0000] {task_command.py:426} INFO - Running <TaskInstance: stock_market_batch_pipeline.fetch_company_metadata manual__2026-02-02T14:48:47.603055+00:00 [running]> on host ff0fefa6cf5a
[2026-02-02T15:16:24.902+0000] {taskinstance.py:2644} INFO - Exporting env vars: AIRFLOW_CTX_DAG_OWNER='data_engineer' AIRFLOW_CTX_DAG_ID='stock_market_batch_pipeline' AIRFLOW_CTX_TASK_ID='fetch_company_metadata' AIRFLOW_CTX_EXECUTION_DATE='2026-02-02T14:48:47.603055+00:00' AIRFLOW_CTX_TRY_NUMBER='3' AIRFLOW_CTX_DAG_RUN_ID='manual__2026-02-02T14:48:47.603055+00:00'
[2026-02-02T15:16:24.903+0000] {taskinstance.py:430} INFO - ::endgroup::
[2026-02-02T15:16:24.917+0000] {subprocess.py:63} INFO - Tmp dir root location: /tmp
[2026-02-02T15:16:24.918+0000] {subprocess.py:75} INFO - Running command: ['/usr/bin/bash', '-c', 'python /opt/***/scripts/fetch_company_meta.py']
[2026-02-02T15:16:24.926+0000] {subprocess.py:86} INFO - Output:
[2026-02-02T15:16:35.600+0000] {subprocess.py:93} INFO - Fetching company metadata...
[2026-02-02T15:16:35.601+0000] {subprocess.py:93} INFO - Fetched info for AAPL
[2026-02-02T15:16:35.601+0000] {subprocess.py:93} INFO - Fetched info for MSFT
[2026-02-02T15:16:35.601+0000] {subprocess.py:93} INFO - Fetched info for GOOGL
[2026-02-02T15:16:35.602+0000] {subprocess.py:93} INFO - Fetched info for AMZN
[2026-02-02T15:16:35.602+0000] {subprocess.py:93} INFO - Fetched info for TSLA
[2026-02-02T15:16:35.602+0000] {subprocess.py:93} INFO - Writing to: /opt/***/data/company_meta_batch.json
[2026-02-02T15:16:35.603+0000] {subprocess.py:93} INFO - Uploading /opt/***/data/company_meta_batch.json to Snowflake...
[2026-02-02T15:16:35.603+0000] {subprocess.py:93} INFO - Batch Upload success.
[2026-02-02T15:16:36.404+0000] {subprocess.py:97} INFO - Command exited with return code 0
[2026-02-02T15:16:36.405+0000] {taskinstance.py:441} INFO - ::group::Post task execution logs
[2026-02-02T15:16:36.428+0000] {taskinstance.py:1205} INFO - Marking task as SUCCESS. dag_id=stock_market_batch_pipeline, task_id=fetch_company_metadata, execution_date=20260202T144847, start_date=20260202T151624, end_date=20260202T151636
[2026-02-02T15:16:36.474+0000] {local_task_job_runner.py:240} INFO - Task exited with return code 0
[2026-02-02T15:16:36.495+0000] {taskinstance.py:3482} INFO - 1 downstream tasks scheduled from follow-on schedule check
[2026-02-02T15:16:36.497+0000] {local_task_job_runner.py:222} INFO - ::endgroup::
