[2026-02-02T14:53:57.506+0000] {local_task_job_runner.py:120} INFO - ::group::Pre task execution logs
[2026-02-02T14:53:57.530+0000] {taskinstance.py:2073} INFO - Dependencies all met for dep_context=non-requeueable deps ti=<TaskInstance: stock_market_batch_pipeline.fetch_company_metadata manual__2026-02-02T14:48:47.603055+00:00 [queued]>
[2026-02-02T14:53:57.537+0000] {taskinstance.py:2073} INFO - Dependencies all met for dep_context=requeueable deps ti=<TaskInstance: stock_market_batch_pipeline.fetch_company_metadata manual__2026-02-02T14:48:47.603055+00:00 [queued]>
[2026-02-02T14:53:57.538+0000] {taskinstance.py:2303} INFO - Starting attempt 2 of 2
[2026-02-02T14:53:57.547+0000] {taskinstance.py:2327} INFO - Executing <Task(BashOperator): fetch_company_metadata> on 2026-02-02 14:48:47.603055+00:00
[2026-02-02T14:53:57.554+0000] {logging_mixin.py:188} WARNING - /home/***/.local/lib/python3.12/site-packages/***/task/task_runner/standard_task_runner.py:61 DeprecationWarning: This process (pid=347) is multi-threaded, use of fork() may lead to deadlocks in the child.
[2026-02-02T14:53:57.554+0000] {standard_task_runner.py:90} INFO - Running: ['***', 'tasks', 'run', 'stock_market_batch_pipeline', 'fetch_company_metadata', 'manual__2026-02-02T14:48:47.603055+00:00', '--job-id', '5', '--raw', '--subdir', 'DAGS_FOLDER/stock_etl.py', '--cfg-path', '/tmp/tmpw121441i']
[2026-02-02T14:53:57.555+0000] {standard_task_runner.py:63} INFO - Started process 348 to run task
[2026-02-02T14:53:57.556+0000] {standard_task_runner.py:91} INFO - Job 5: Subtask fetch_company_metadata
[2026-02-02T14:53:57.569+0000] {logging_mixin.py:188} WARNING - /home/***/.local/lib/python3.12/site-packages/***/settings.py:195 DeprecationWarning: The sql_alchemy_conn option in [core] has been moved to the sql_alchemy_conn option in [database] - the old setting has been used, but please update your config.
[2026-02-02T14:53:57.600+0000] {task_command.py:426} INFO - Running <TaskInstance: stock_market_batch_pipeline.fetch_company_metadata manual__2026-02-02T14:48:47.603055+00:00 [running]> on host ff0fefa6cf5a
[2026-02-02T14:53:57.663+0000] {taskinstance.py:2644} INFO - Exporting env vars: AIRFLOW_CTX_DAG_OWNER='data_engineer' AIRFLOW_CTX_DAG_ID='stock_market_batch_pipeline' AIRFLOW_CTX_TASK_ID='fetch_company_metadata' AIRFLOW_CTX_EXECUTION_DATE='2026-02-02T14:48:47.603055+00:00' AIRFLOW_CTX_TRY_NUMBER='2' AIRFLOW_CTX_DAG_RUN_ID='manual__2026-02-02T14:48:47.603055+00:00'
[2026-02-02T14:53:57.663+0000] {taskinstance.py:430} INFO - ::endgroup::
[2026-02-02T14:53:57.675+0000] {subprocess.py:63} INFO - Tmp dir root location: /tmp
[2026-02-02T14:53:57.676+0000] {subprocess.py:75} INFO - Running command: ['/usr/bin/bash', '-c', 'python /opt/***/scripts/fetch_company_meta.py']
[2026-02-02T14:53:57.683+0000] {subprocess.py:86} INFO - Output:
[2026-02-02T14:54:05.561+0000] {subprocess.py:93} INFO - Fetching company metadata...
[2026-02-02T14:54:05.563+0000] {subprocess.py:93} INFO - Fetched info for AAPL
[2026-02-02T14:54:05.564+0000] {subprocess.py:93} INFO - Fetched info for MSFT
[2026-02-02T14:54:05.564+0000] {subprocess.py:93} INFO - Fetched info for GOOGL
[2026-02-02T14:54:05.564+0000] {subprocess.py:93} INFO - Fetched info for AMZN
[2026-02-02T14:54:05.565+0000] {subprocess.py:93} INFO - Fetched info for TSLA
[2026-02-02T14:54:05.565+0000] {subprocess.py:93} INFO - Traceback (most recent call last):
[2026-02-02T14:54:05.566+0000] {subprocess.py:93} INFO -   File "/opt/***/scripts/fetch_company_meta.py", line 91, in <module>
[2026-02-02T14:54:05.566+0000] {subprocess.py:93} INFO -     fetch_and_load_metadata()
[2026-02-02T14:54:05.567+0000] {subprocess.py:93} INFO -   File "/opt/***/scripts/fetch_company_meta.py", line 56, in fetch_and_load_metadata
[2026-02-02T14:54:05.570+0000] {subprocess.py:93} INFO -     with open(file_name, 'w') as f:
[2026-02-02T14:54:05.571+0000] {subprocess.py:93} INFO -          ^^^^^^^^^^^^^^^^^^^^
[2026-02-02T14:54:05.571+0000] {subprocess.py:93} INFO - FileNotFoundError: [Errno 2] No such file or directory: 'data/company_meta_batch.json'
[2026-02-02T14:54:06.359+0000] {subprocess.py:97} INFO - Command exited with return code 1
[2026-02-02T14:54:06.360+0000] {taskinstance.py:441} INFO - ::group::Post task execution logs
[2026-02-02T14:54:06.368+0000] {taskinstance.py:2890} ERROR - Task failed with exception
Traceback (most recent call last):
  File "/home/airflow/.local/lib/python3.12/site-packages/airflow/models/taskinstance.py", line 465, in _execute_task
    result = _execute_callable(context=context, **execute_callable_kwargs)
             ^^^^^^^^^^^^^^^^^^^^^^^^^^^^^^^^^^^^^^^^^^^^^^^^^^^^^^^^^^^^^
  File "/home/airflow/.local/lib/python3.12/site-packages/airflow/models/taskinstance.py", line 432, in _execute_callable
    return execute_callable(context=context, **execute_callable_kwargs)
           ^^^^^^^^^^^^^^^^^^^^^^^^^^^^^^^^^^^^^^^^^^^^^^^^^^^^^^^^^^^^
  File "/home/airflow/.local/lib/python3.12/site-packages/airflow/models/baseoperator.py", line 400, in wrapper
    return func(self, *args, **kwargs)
           ^^^^^^^^^^^^^^^^^^^^^^^^^^^
  File "/home/airflow/.local/lib/python3.12/site-packages/airflow/operators/bash.py", line 243, in execute
    raise AirflowException(
airflow.exceptions.AirflowException: Bash command failed. The command returned a non-zero exit code 1.
[2026-02-02T14:54:06.371+0000] {taskinstance.py:1205} INFO - Marking task as FAILED. dag_id=stock_market_batch_pipeline, task_id=fetch_company_metadata, execution_date=20260202T144847, start_date=20260202T145357, end_date=20260202T145406
[2026-02-02T14:54:06.391+0000] {standard_task_runner.py:110} ERROR - Failed to execute job 5 for task fetch_company_metadata (Bash command failed. The command returned a non-zero exit code 1.; 348)
[2026-02-02T14:54:06.411+0000] {local_task_job_runner.py:240} INFO - Task exited with return code 1
[2026-02-02T14:54:06.425+0000] {taskinstance.py:3482} INFO - 0 downstream tasks scheduled from follow-on schedule check
[2026-02-02T14:54:06.428+0000] {local_task_job_runner.py:222} INFO - ::endgroup::
