[2026-02-02T14:47:07.517+0000] {local_task_job_runner.py:120} INFO - ::group::Pre task execution logs
[2026-02-02T14:47:07.542+0000] {taskinstance.py:2073} INFO - Dependencies all met for dep_context=non-requeueable deps ti=<TaskInstance: stock_market_batch_pipeline.fetch_company_metadata scheduled__2026-02-01T00:00:00+00:00 [queued]>
[2026-02-02T14:47:07.549+0000] {taskinstance.py:2073} INFO - Dependencies all met for dep_context=requeueable deps ti=<TaskInstance: stock_market_batch_pipeline.fetch_company_metadata scheduled__2026-02-01T00:00:00+00:00 [queued]>
[2026-02-02T14:47:07.550+0000] {taskinstance.py:2303} INFO - Starting attempt 1 of 2
[2026-02-02T14:47:07.559+0000] {taskinstance.py:2327} INFO - Executing <Task(BashOperator): fetch_company_metadata> on 2026-02-01 00:00:00+00:00
[2026-02-02T14:47:07.565+0000] {logging_mixin.py:188} WARNING - /home/***/.local/lib/python3.12/site-packages/***/task/task_runner/standard_task_runner.py:61 DeprecationWarning: This process (pid=187) is multi-threaded, use of fork() may lead to deadlocks in the child.
[2026-02-02T14:47:07.567+0000] {standard_task_runner.py:63} INFO - Started process 188 to run task
[2026-02-02T14:47:07.566+0000] {standard_task_runner.py:90} INFO - Running: ['***', 'tasks', 'run', 'stock_market_batch_pipeline', 'fetch_company_metadata', 'scheduled__2026-02-01T00:00:00+00:00', '--job-id', '2', '--raw', '--subdir', 'DAGS_FOLDER/stock_etl.py', '--cfg-path', '/tmp/tmpi422bq6y']
[2026-02-02T14:47:07.568+0000] {standard_task_runner.py:91} INFO - Job 2: Subtask fetch_company_metadata
[2026-02-02T14:47:07.581+0000] {logging_mixin.py:188} WARNING - /home/***/.local/lib/python3.12/site-packages/***/settings.py:195 DeprecationWarning: The sql_alchemy_conn option in [core] has been moved to the sql_alchemy_conn option in [database] - the old setting has been used, but please update your config.
[2026-02-02T14:47:07.614+0000] {task_command.py:426} INFO - Running <TaskInstance: stock_market_batch_pipeline.fetch_company_metadata scheduled__2026-02-01T00:00:00+00:00 [running]> on host ff0fefa6cf5a
[2026-02-02T14:47:07.678+0000] {taskinstance.py:2644} INFO - Exporting env vars: AIRFLOW_CTX_DAG_OWNER='data_engineer' AIRFLOW_CTX_DAG_ID='stock_market_batch_pipeline' AIRFLOW_CTX_TASK_ID='fetch_company_metadata' AIRFLOW_CTX_EXECUTION_DATE='2026-02-01T00:00:00+00:00' AIRFLOW_CTX_TRY_NUMBER='1' AIRFLOW_CTX_DAG_RUN_ID='scheduled__2026-02-01T00:00:00+00:00'
[2026-02-02T14:47:07.678+0000] {taskinstance.py:430} INFO - ::endgroup::
[2026-02-02T14:47:07.713+0000] {subprocess.py:63} INFO - Tmp dir root location: /tmp
[2026-02-02T14:47:07.714+0000] {subprocess.py:75} INFO - Running command: ['/usr/bin/bash', '-c', 'python /opt/***/scripts/fetch_company_meta.py']
[2026-02-02T14:47:07.722+0000] {subprocess.py:86} INFO - Output:
[2026-02-02T14:47:17.859+0000] {subprocess.py:93} INFO - Fetching company metadata...
[2026-02-02T14:47:17.861+0000] {subprocess.py:93} INFO - Fetched info for AAPL
[2026-02-02T14:47:17.861+0000] {subprocess.py:93} INFO - Fetched info for MSFT
[2026-02-02T14:47:17.862+0000] {subprocess.py:93} INFO - Fetched info for GOOGL
[2026-02-02T14:47:17.863+0000] {subprocess.py:93} INFO - Fetched info for AMZN
[2026-02-02T14:47:17.863+0000] {subprocess.py:93} INFO - Fetched info for TSLA
[2026-02-02T14:47:17.864+0000] {subprocess.py:93} INFO - Traceback (most recent call last):
[2026-02-02T14:47:17.864+0000] {subprocess.py:93} INFO -   File "/opt/***/scripts/fetch_company_meta.py", line 91, in <module>
[2026-02-02T14:47:17.865+0000] {subprocess.py:93} INFO -     fetch_and_load_metadata()
[2026-02-02T14:47:17.865+0000] {subprocess.py:93} INFO -   File "/opt/***/scripts/fetch_company_meta.py", line 56, in fetch_and_load_metadata
[2026-02-02T14:47:17.867+0000] {subprocess.py:93} INFO -     with open(file_name, 'w') as f:
[2026-02-02T14:47:17.867+0000] {subprocess.py:93} INFO -          ^^^^^^^^^^^^^^^^^^^^
[2026-02-02T14:47:17.867+0000] {subprocess.py:93} INFO - FileNotFoundError: [Errno 2] No such file or directory: 'data/company_meta_batch.json'
[2026-02-02T14:47:19.097+0000] {subprocess.py:97} INFO - Command exited with return code 1
[2026-02-02T14:47:19.099+0000] {taskinstance.py:441} INFO - ::group::Post task execution logs
[2026-02-02T14:47:19.114+0000] {taskinstance.py:2890} ERROR - Task failed with exception
Traceback (most recent call last):
  File "/home/airflow/.local/lib/python3.12/site-packages/airflow/models/taskinstance.py", line 465, in _execute_task
    result = _execute_callable(context=context, **execute_callable_kwargs)
             ^^^^^^^^^^^^^^^^^^^^^^^^^^^^^^^^^^^^^^^^^^^^^^^^^^^^^^^^^^^^^
  File "/home/airflow/.local/lib/python3.12/site-packages/airflow/models/taskinstance.py", line 432, in _execute_callable
    return execute_callable(context=context, **execute_callable_kwargs)
           ^^^^^^^^^^^^^^^^^^^^^^^^^^^^^^^^^^^^^^^^^^^^^^^^^^^^^^^^^^^^
  File "/home/airflow/.local/lib/python3.12/site-packages/airflow/models/baseoperator.py", line 400, in wrapper
    return func(self, *args, **kwargs)
           ^^^^^^^^^^^^^^^^^^^^^^^^^^^
  File "/home/airflow/.local/lib/python3.12/site-packages/airflow/operators/bash.py", line 243, in execute
    raise AirflowException(
airflow.exceptions.AirflowException: Bash command failed. The command returned a non-zero exit code 1.
[2026-02-02T14:47:19.122+0000] {taskinstance.py:1205} INFO - Marking task as UP_FOR_RETRY. dag_id=stock_market_batch_pipeline, task_id=fetch_company_metadata, execution_date=20260201T000000, start_date=20260202T144707, end_date=20260202T144719
[2026-02-02T14:47:19.141+0000] {standard_task_runner.py:110} ERROR - Failed to execute job 2 for task fetch_company_metadata (Bash command failed. The command returned a non-zero exit code 1.; 188)
[2026-02-02T14:47:19.152+0000] {local_task_job_runner.py:240} INFO - Task exited with return code 1
[2026-02-02T14:47:19.178+0000] {taskinstance.py:3482} INFO - 0 downstream tasks scheduled from follow-on schedule check
[2026-02-02T14:47:19.182+0000] {local_task_job_runner.py:222} INFO - ::endgroup::
