[2026-02-02T15:16:28.073+0000] {local_task_job_runner.py:120} INFO - ::group::Pre task execution logs
[2026-02-02T15:16:28.100+0000] {taskinstance.py:2073} INFO - Dependencies all met for dep_context=non-requeueable deps ti=<TaskInstance: stock_market_batch_pipeline.fetch_company_metadata scheduled__2026-02-01T00:00:00+00:00 [queued]>
[2026-02-02T15:16:28.107+0000] {taskinstance.py:2073} INFO - Dependencies all met for dep_context=requeueable deps ti=<TaskInstance: stock_market_batch_pipeline.fetch_company_metadata scheduled__2026-02-01T00:00:00+00:00 [queued]>
[2026-02-02T15:16:28.107+0000] {taskinstance.py:2303} INFO - Starting attempt 3 of 4
[2026-02-02T15:16:28.119+0000] {taskinstance.py:2327} INFO - Executing <Task(BashOperator): fetch_company_metadata> on 2026-02-01 00:00:00+00:00
[2026-02-02T15:16:28.125+0000] {logging_mixin.py:188} WARNING - /home/***/.local/lib/python3.12/site-packages/***/task/task_runner/standard_task_runner.py:61 DeprecationWarning: This process (pid=939) is multi-threaded, use of fork() may lead to deadlocks in the child.
[2026-02-02T15:16:28.126+0000] {standard_task_runner.py:63} INFO - Started process 940 to run task
[2026-02-02T15:16:28.125+0000] {standard_task_runner.py:90} INFO - Running: ['***', 'tasks', 'run', 'stock_market_batch_pipeline', 'fetch_company_metadata', 'scheduled__2026-02-01T00:00:00+00:00', '--job-id', '15', '--raw', '--subdir', 'DAGS_FOLDER/stock_etl.py', '--cfg-path', '/tmp/tmpak_oaw5m']
[2026-02-02T15:16:28.127+0000] {standard_task_runner.py:91} INFO - Job 15: Subtask fetch_company_metadata
[2026-02-02T15:16:28.141+0000] {logging_mixin.py:188} WARNING - /home/***/.local/lib/python3.12/site-packages/***/settings.py:195 DeprecationWarning: The sql_alchemy_conn option in [core] has been moved to the sql_alchemy_conn option in [database] - the old setting has been used, but please update your config.
[2026-02-02T15:16:28.175+0000] {task_command.py:426} INFO - Running <TaskInstance: stock_market_batch_pipeline.fetch_company_metadata scheduled__2026-02-01T00:00:00+00:00 [running]> on host ff0fefa6cf5a
[2026-02-02T15:16:28.241+0000] {taskinstance.py:2644} INFO - Exporting env vars: AIRFLOW_CTX_DAG_OWNER='data_engineer' AIRFLOW_CTX_DAG_ID='stock_market_batch_pipeline' AIRFLOW_CTX_TASK_ID='fetch_company_metadata' AIRFLOW_CTX_EXECUTION_DATE='2026-02-01T00:00:00+00:00' AIRFLOW_CTX_TRY_NUMBER='3' AIRFLOW_CTX_DAG_RUN_ID='scheduled__2026-02-01T00:00:00+00:00'
[2026-02-02T15:16:28.242+0000] {taskinstance.py:430} INFO - ::endgroup::
[2026-02-02T15:16:28.254+0000] {subprocess.py:63} INFO - Tmp dir root location: /tmp
[2026-02-02T15:16:28.256+0000] {subprocess.py:75} INFO - Running command: ['/usr/bin/bash', '-c', 'python /opt/***/scripts/fetch_company_meta.py']
[2026-02-02T15:16:28.263+0000] {subprocess.py:86} INFO - Output:
[2026-02-02T15:16:35.771+0000] {subprocess.py:93} INFO - Fetching company metadata...
[2026-02-02T15:16:35.771+0000] {subprocess.py:93} INFO - Fetched info for AAPL
[2026-02-02T15:16:35.772+0000] {subprocess.py:93} INFO - Fetched info for MSFT
[2026-02-02T15:16:35.772+0000] {subprocess.py:93} INFO - Fetched info for GOOGL
[2026-02-02T15:16:35.772+0000] {subprocess.py:93} INFO - Fetched info for AMZN
[2026-02-02T15:16:35.772+0000] {subprocess.py:93} INFO - Fetched info for TSLA
[2026-02-02T15:16:35.773+0000] {subprocess.py:93} INFO - Writing to: /opt/***/data/company_meta_batch.json
[2026-02-02T15:16:35.773+0000] {subprocess.py:93} INFO - Uploading /opt/***/data/company_meta_batch.json to Snowflake...
[2026-02-02T15:16:35.773+0000] {subprocess.py:93} INFO - Snowflake Error: 253006: File doesn't exist: ['/opt/***/data/company_meta_batch.json']
[2026-02-02T15:16:36.592+0000] {subprocess.py:97} INFO - Command exited with return code 0
[2026-02-02T15:16:36.593+0000] {taskinstance.py:441} INFO - ::group::Post task execution logs
[2026-02-02T15:16:36.612+0000] {taskinstance.py:1205} INFO - Marking task as SUCCESS. dag_id=stock_market_batch_pipeline, task_id=fetch_company_metadata, execution_date=20260201T000000, start_date=20260202T151628, end_date=20260202T151636
[2026-02-02T15:16:36.652+0000] {local_task_job_runner.py:240} INFO - Task exited with return code 0
[2026-02-02T15:16:36.671+0000] {taskinstance.py:3482} INFO - 1 downstream tasks scheduled from follow-on schedule check
[2026-02-02T15:16:36.673+0000] {local_task_job_runner.py:222} INFO - ::endgroup::
